21:46:51.478 [main] INFO  testcases.TC002_AddEmployee - ***************Starting TC002 AddEmployeeTest************
21:47:05.756 [main] INFO  testcases.TC002_AddEmployee - Employee added successfully: xxyyzz TestUser
21:47:05.756 [main] INFO  testcases.TC002_AddEmployee - ***************Finishing TC002 AddEmployeeTest************
21:47:19.717 [main] INFO  testcases.TC003_EditEmployeeTest - *************** Starting TC003 EditEmployeeTest ************
21:47:26.926 [main] INFO  testcases.TC003_EditEmployeeTest - Employee edited successfully: xx zz
21:47:26.926 [main] INFO  testcases.TC003_EditEmployeeTest - *************** Finishing TC003 EditEmployeeTest ************
21:47:41.346 [main] INFO  testcases.TC004_SearchEmployeeTest - *************** Starting TC004 SearchEmployeeTest ************
21:47:49.202 [main] INFO  testcases.TC004_SearchEmployeeTest - Employee search completed successfully: xxyyzz
21:48:03.362 [main] INFO  testcases.TC005_DeleteEmployeeTest - *************** Starting TC005 DeleteEmployeeTest ************
21:48:12.834 [main] INFO  testcases.TC005_DeleteEmployeeTest - Employee deleted successfully: xx
21:48:12.834 [main] INFO  testcases.TC005_DeleteEmployeeTest - *************** Finishing TC005 DeleteEmployeeTest ************
22:54:54.000 [TestNG-tests-1] INFO  testcases.TC001_LoginTest - ***************Starting TC001 LoginTest************
22:54:56.487 [TestNG-tests-1] INFO  testcases.TC001_LoginTest - Valid login successful for user: Admin
22:55:02.171 [TestNG-tests-1] INFO  testcases.TC001_LoginTest - Logout successful, returned to login page
22:55:02.171 [TestNG-tests-1] INFO  testcases.TC001_LoginTest - ***************Finishing TC001 LoginTest************
22:55:16.426 [TestNG-tests-1] INFO  testcases.TC001_LoginTest - ***************Starting TC001 LoginTest************
22:55:28.897 [TestNG-tests-1] ERROR testcases.TC001_LoginTest - Exception occurred during login test: 
org.openqa.selenium.TimeoutException: Expected condition failed: waiting for visibility of element located by By.cssSelector: div.oxd-alert-content-text (tried for 10 second(s) with 500 milliseconds interval)
Build info: version: '4.29.0', revision: '5fc1ec94cb'
System info: os.name: 'Windows 11', os.arch: 'amd64', os.version: '10.0', java.version: '21.0.7'
Driver info: org.openqa.selenium.chrome.ChromeDriver
Capabilities {acceptInsecureCerts: false, browserName: chrome, browserVersion: 142.0.7444.164, chrome: {chromedriverVersion: 142.0.7444.175 (302067f14a4..., userDataDir: C:\Users\cgowt\AppData\Loca...}, fedcm:accounts: true, goog:chromeOptions: {debuggerAddress: localhost:61754}, goog:processID: 14008, networkConnectionEnabled: false, pageLoadStrategy: normal, platformName: windows, proxy: Proxy(), se:cdp: ws://localhost:61754/devtoo..., se:cdpVersion: 142.0.7444.164, setWindowRect: true, strictFileInteractability: false, timeouts: {implicit: 0, pageLoad: 300000, script: 30000}, unhandledPromptBehavior: dismiss and notify, webauthn:extension:credBlob: true, webauthn:extension:largeBlob: true, webauthn:extension:minPinLength: true, webauthn:extension:prf: true, webauthn:virtualAuthenticators: true}
Session ID: 8d1114e10bd2faba923ecde9f7b0ab83
	at org.openqa.selenium.support.ui.WebDriverWait.timeoutException(WebDriverWait.java:84) ~[selenium-support-4.29.0.jar:?]
	at org.openqa.selenium.support.ui.FluentWait.until(FluentWait.java:228) ~[selenium-support-4.29.0.jar:?]
	at testcases.TC001_LoginTest.verify_login(TC001_LoginTest.java:46) ~[test-classes/:?]
	at java.base/jdk.internal.reflect.DirectMethodHandleAccessor.invoke(DirectMethodHandleAccessor.java:103) ~[?:?]
	at java.base/java.lang.reflect.Method.invoke(Method.java:580) ~[?:?]
	at org.testng.internal.invokers.MethodInvocationHelper.invokeMethod(MethodInvocationHelper.java:141) ~[org.testng_7.11.0.r202503091654.jar:7.11.0]
	at org.testng.internal.invokers.TestInvoker.invokeMethod(TestInvoker.java:687) ~[org.testng_7.11.0.r202503091654.jar:7.11.0]
	at org.testng.internal.invokers.TestInvoker.invokeTestMethod(TestInvoker.java:230) ~[org.testng_7.11.0.r202503091654.jar:7.11.0]
	at org.testng.internal.invokers.MethodRunner.runInSequence(MethodRunner.java:63) ~[org.testng_7.11.0.r202503091654.jar:7.11.0]
	at org.testng.internal.invokers.TestInvoker$MethodInvocationAgent.invoke(TestInvoker.java:995) ~[org.testng_7.11.0.r202503091654.jar:7.11.0]
	at org.testng.internal.invokers.TestInvoker.invokeTestMethods(TestInvoker.java:203) ~[org.testng_7.11.0.r202503091654.jar:7.11.0]
	at org.testng.internal.invokers.TestMethodWorker.invokeTestMethods(TestMethodWorker.java:154) ~[org.testng_7.11.0.r202503091654.jar:7.11.0]
	at org.testng.internal.invokers.TestMethodWorker.run(TestMethodWorker.java:134) ~[org.testng_7.11.0.r202503091654.jar:7.11.0]
	at java.base/java.util.ArrayList.forEach(ArrayList.java:1596) ~[?:?]
	at org.testng.TestRunner.privateRun(TestRunner.java:741) ~[org.testng_7.11.0.r202503091654.jar:7.11.0]
	at org.testng.TestRunner.run(TestRunner.java:616) ~[org.testng_7.11.0.r202503091654.jar:7.11.0]
	at org.testng.SuiteRunner.runTest(SuiteRunner.java:421) ~[org.testng_7.11.0.r202503091654.jar:7.11.0]
	at org.testng.SuiteRunner$SuiteWorker.run(SuiteRunner.java:463) ~[org.testng_7.11.0.r202503091654.jar:7.11.0]
	at org.testng.internal.thread.ThreadUtil.lambda$execute$0(ThreadUtil.java:64) ~[org.testng_7.11.0.r202503091654.jar:7.11.0]
	at java.base/java.util.concurrent.FutureTask.run(FutureTask.java:317) ~[?:?]
	at java.base/java.util.concurrent.ThreadPoolExecutor.runWorker(ThreadPoolExecutor.java:1144) ~[?:?]
	at java.base/java.util.concurrent.ThreadPoolExecutor$Worker.run(ThreadPoolExecutor.java:642) ~[?:?]
	at java.base/java.lang.Thread.run(Thread.java:1583) [?:?]
