19:02:44.553 [main] INFO  testcases.TC002_AddEmployee - *************** Starting TC002 AddEmployeeTest ************
19:03:22.114 [main] ERROR testcases.TC002_AddEmployee - Exception in Add Employee Test: Expected condition failed: waiting for at least one condition to be valid: url to contain "viewPersonalDetails". Current url: "https://opensource-demo.orangehrmlive.com/web/index.php/pim/addEmployee" || url to contain "empNumber". Current url: "https://opensource-demo.orangehrmlive.com/web/index.php/pim/addEmployee" (tried for 10 second(s) with 500 milliseconds interval)
Build info: version: '4.28.0', revision: 'ac342546e9'
System info: os.name: 'Windows 11', os.arch: 'amd64', os.version: '10.0', java.version: '21.0.7'
Driver info: org.openqa.selenium.chrome.ChromeDriver
Capabilities {acceptInsecureCerts: false, browserName: chrome, browserVersion: 142.0.7444.163, chrome: {chromedriverVersion: 142.0.7444.175 (302067f14a4..., userDataDir: C:\Users\cgowt\AppData\Loca...}, fedcm:accounts: true, goog:chromeOptions: {debuggerAddress: localhost:51873}, goog:processID: 11212, networkConnectionEnabled: false, pageLoadStrategy: normal, platformName: windows, proxy: Proxy(), se:cdp: ws://localhost:51873/devtoo..., se:cdpVersion: 142.0.7444.163, setWindowRect: true, strictFileInteractability: false, timeouts: {implicit: 0, pageLoad: 300000, script: 30000}, unhandledPromptBehavior: dismiss and notify, webauthn:extension:credBlob: true, webauthn:extension:largeBlob: true, webauthn:extension:minPinLength: true, webauthn:extension:prf: true, webauthn:virtualAuthenticators: true}
Session ID: fd1476527c9bb21810ccec291aeef056
15:06:20.275 [TestNG-tests-2] INFO  testcases.TC002_AddEmployee - ***************Starting TC002 AddEmployeeTest************
15:06:20.346 [TestNG-tests-2] ERROR testcases.TC002_AddEmployee - Exception in Add Employee Test: 
java.lang.NullPointerException: Cannot invoke "org.openqa.selenium.WebElement.click()" because "this.pimMenu" is null
	at pages.AddEmployeePage.clickpim(AddEmployeePage.java:32) ~[classes/:?]
	at testcases.TC002_AddEmployee.addEmployee(TC002_AddEmployee.java:19) ~[test-classes/:?]
	at java.base/jdk.internal.reflect.DirectMethodHandleAccessor.invoke(DirectMethodHandleAccessor.java:103) ~[?:?]
	at java.base/java.lang.reflect.Method.invoke(Method.java:580) ~[?:?]
	at org.testng.internal.invokers.MethodInvocationHelper.invokeMethod(MethodInvocationHelper.java:141) ~[org.testng_7.11.0.r202503091654.jar:7.11.0]
	at org.testng.internal.invokers.TestInvoker.invokeMethod(TestInvoker.java:687) ~[org.testng_7.11.0.r202503091654.jar:7.11.0]
	at org.testng.internal.invokers.TestInvoker.invokeTestMethod(TestInvoker.java:230) ~[org.testng_7.11.0.r202503091654.jar:7.11.0]
	at org.testng.internal.invokers.MethodRunner.runInSequence(MethodRunner.java:63) ~[org.testng_7.11.0.r202503091654.jar:7.11.0]
	at org.testng.internal.invokers.TestInvoker$MethodInvocationAgent.invoke(TestInvoker.java:995) ~[org.testng_7.11.0.r202503091654.jar:7.11.0]
	at org.testng.internal.invokers.TestInvoker.invokeTestMethods(TestInvoker.java:203) ~[org.testng_7.11.0.r202503091654.jar:7.11.0]
	at org.testng.internal.invokers.TestMethodWorker.invokeTestMethods(TestMethodWorker.java:154) ~[org.testng_7.11.0.r202503091654.jar:7.11.0]
	at org.testng.internal.invokers.TestMethodWorker.run(TestMethodWorker.java:134) ~[org.testng_7.11.0.r202503091654.jar:7.11.0]
	at java.base/java.util.ArrayList.forEach(ArrayList.java:1596) ~[?:?]
	at org.testng.TestRunner.privateRun(TestRunner.java:741) ~[org.testng_7.11.0.r202503091654.jar:7.11.0]
	at org.testng.TestRunner.run(TestRunner.java:616) ~[org.testng_7.11.0.r202503091654.jar:7.11.0]
	at org.testng.SuiteRunner.runTest(SuiteRunner.java:421) ~[org.testng_7.11.0.r202503091654.jar:7.11.0]
	at org.testng.SuiteRunner$SuiteWorker.run(SuiteRunner.java:463) ~[org.testng_7.11.0.r202503091654.jar:7.11.0]
	at org.testng.internal.thread.ThreadUtil.lambda$execute$0(ThreadUtil.java:64) ~[org.testng_7.11.0.r202503091654.jar:7.11.0]
	at java.base/java.util.concurrent.FutureTask.run(FutureTask.java:317) ~[?:?]
	at java.base/java.util.concurrent.ThreadPoolExecutor.runWorker(ThreadPoolExecutor.java:1144) ~[?:?]
	at java.base/java.util.concurrent.ThreadPoolExecutor$Worker.run(ThreadPoolExecutor.java:642) ~[?:?]
	at java.base/java.lang.Thread.run(Thread.java:1583) [?:?]
15:06:20.791 [TestNG-tests-2] INFO  testcases.TC002_AddEmployee - Screenshot saved at: C:\Automation\Orangehrm\AutomationFramework\screenshots\AddEmployeeFailure_2025.11.19.15.06.20.png
15:06:21.625 [TestNG-tests-1] INFO  testcases.TC001_LoginTest - ***************Starting TC001 LoginTest************
15:06:25.730 [TestNG-tests-1] INFO  testcases.TC001_LoginTest - Valid login successful for user: Admin
15:06:28.956 [TestNG-tests-1] INFO  testcases.TC001_LoginTest - Logout successful, returned to login page
15:06:28.956 [TestNG-tests-1] INFO  testcases.TC001_LoginTest - ***************Finishing TC001 LoginTest************
